# JRE version: OpenJDK Runtime Environment Temurin-17.0.10+7 (17.0.10+7) (build 17.0.10+7)
# Java VM: OpenJDK 64-Bit Server VM Temurin-17.0.10+7 (17.0.10+7, mixed mode, emulated-client, tiered, compressed oops, compressed class ptrs, g1 gc, windows-amd64)
GC Precious Log:
 CPUs: 12 total, 12 available
 Memory: 16053M
 Large Page Support: Disabled
 NUMA Support: Disabled
 Compressed Oops: Enabled (32-bit)
 Heap Region Size: 1M
 Heap Min Capacity: 8M
 Heap Initial Capacity: 252M
 Heap Max Capacity: 1G
 Pre-touch: Disabled
 Parallel Workers: 10
 Concurrent Workers: 3
 Concurrent Refinement Workers: 10
 Periodic GC: Disabled
Heap:
 garbage-first heap   total 122880K, used 36444K [0x00000000c0000000, 0x0000000100000000)
  region size 1024K, 1 young (1024K), 0 survivors (0K)
 Metaspace       used 62534K, committed 63040K, reserved 1114112K
  class space    used 7878K, committed 8064K, reserved 1048576K
GC Heap History (20 events):
Event: 229645.331 GC heap before
{Heap before GC invocations=22691 (full 22645):
 garbage-first heap   total 122880K, used 36444K [0x00000000c0000000, 0x0000000100000000)
  region size 1024K, 1 young (1024K), 0 survivors (0K)
 Metaspace       used 62534K, committed 63040K, reserved 1114112K
  class space    used 7878K, committed 8064K, reserved 1048576K
}
Event: 229645.351 GC heap after
{Heap after GC invocations=22692 (full 22646):
 garbage-first heap   total 122880K, used 36444K [0x00000000c0000000, 0x0000000100000000)
  region size 1024K, 0 young (0K), 0 survivors (0K)
 Metaspace       used 62534K, committed 63040K, reserved 1114112K
  class space    used 7878K, committed 8064K, reserved 1048576K
}
Event: 229655.417 GC heap before
{Heap before GC invocations=22692 (full 22646):
 garbage-first heap   total 122880K, used 36444K [0x00000000c0000000, 0x0000000100000000)
  region size 1024K, 1 young (1024K), 0 survivors (0K)
 Metaspace       used 62534K, committed 63040K, reserved 1114112K
  class space    used 7878K, committed 8064K, reserved 1048576K
}
Event: 229655.441 GC heap after
{Heap after GC invocations=22693 (full 22647):
 garbage-first heap   total 122880K, used 36444K [0x00000000c0000000, 0x0000000100000000)
  region size 1024K, 0 young (0K), 0 survivors (0K)
 Metaspace       used 62534K, committed 63040K, reserved 1114112K
  class space    used 7878K, committed 8064K, reserved 1048576K
}
Event: 229665.532 GC heap before
{Heap before GC invocations=22693 (full 22647):
 garbage-first heap   total 122880K, used 36444K [0x00000000c0000000, 0x0000000100000000)
  region size 1024K, 1 young (1024K), 0 survivors (0K)
 Metaspace       used 62534K, committed 63040K, reserved 1114112K
  class space    used 7878K, committed 8064K, reserved 1048576K
}
Event: 229665.562 GC heap after
{Heap after GC invocations=22694 (full 22648):
 garbage-first heap   total 122880K, used 36444K [0x00000000c0000000, 0x0000000100000000)
  region size 1024K, 0 young (0K), 0 survivors (0K)
 Metaspace       used 62534K, committed 63040K, reserved 1114112K
  class space    used 7878K, committed 8064K, reserved 1048576K
}
Event: 229675.636 GC heap before
{Heap before GC invocations=22694 (full 22648):
 garbage-first heap   total 122880K, used 36444K [0x00000000c0000000, 0x0000000100000000)
  region size 1024K, 1 young (1024K), 0 survivors (0K)
 Metaspace       used 62534K, committed 63040K, reserved 1114112K
  class space    used 7878K, committed 8064K, reserved 1048576K
}
Event: 229675.663 GC heap after
{Heap after GC invocations=22695 (full 22649):
 garbage-first heap   total 122880K, used 36444K [0x00000000c0000000, 0x0000000100000000)
  region size 1024K, 0 young (0K), 0 survivors (0K)
 Metaspace       used 62534K, committed 63040K, reserved 1114112K
  class space    used 7878K, committed 8064K, reserved 1048576K
}
Event: 229685.739 GC heap before
{Heap before GC invocations=22695 (full 22649):
 garbage-first heap   total 122880K, used 36444K [0x00000000c0000000, 0x0000000100000000)
  region size 1024K, 1 young (1024K), 0 survivors (0K)
 Metaspace       used 62534K, committed 63040K, reserved 1114112K
  class space    used 7878K, committed 8064K, reserved 1048576K
}
Event: 229685.761 GC heap after
{Heap after GC invocations=22696 (full 22650):
 garbage-first heap   total 122880K, used 36444K [0x00000000c0000000, 0x0000000100000000)
  region size 1024K, 0 young (0K), 0 survivors (0K)
 Metaspace       used 62534K, committed 63040K, reserved 1114112K
  class space    used 7878K, committed 8064K, reserved 1048576K
}
Event: 229695.821 GC heap before
{Heap before GC invocations=22696 (full 22650):
 garbage-first heap   total 122880K, used 36444K [0x00000000c0000000, 0x0000000100000000)
  region size 1024K, 1 young (1024K), 0 survivors (0K)
 Metaspace       used 62534K, committed 63040K, reserved 1114112K
  class space    used 7878K, committed 8064K, reserved 1048576K
}
Event: 229695.841 GC heap after
{Heap after GC invocations=22697 (full 22651):
 garbage-first heap   total 122880K, used 36444K [0x00000000c0000000, 0x0000000100000000)
  region size 1024K, 0 young (0K), 0 survivors (0K)
 Metaspace       used 62534K, committed 63040K, reserved 1114112K
  class space    used 7878K, committed 8064K, reserved 1048576K
}
Event: 229705.903 GC heap before
{Heap before GC invocations=22697 (full 22651):
 garbage-first heap   total 122880K, used 36444K [0x00000000c0000000, 0x0000000100000000)
  region size 1024K, 1 young (1024K), 0 survivors (0K)
 Metaspace       used 62534K, committed 63040K, reserved 1114112K
  class space    used 7878K, committed 8064K, reserved 1048576K
}
Event: 229705.924 GC heap after
{Heap after GC invocations=22698 (full 22652):
 garbage-first heap   total 122880K, used 36444K [0x00000000c0000000, 0x0000000100000000)
  region size 1024K, 0 young (0K), 0 survivors (0K)
 Metaspace       used 62534K, committed 63040K, reserved 1114112K
  class space    used 7878K, committed 8064K, reserved 1048576K
}
Event: 229715.988 GC heap before
{Heap before GC invocations=22698 (full 22652):
 garbage-first heap   total 122880K, used 36444K [0x00000000c0000000, 0x0000000100000000)
  region size 1024K, 1 young (1024K), 0 survivors (0K)
 Metaspace       used 62534K, committed 63040K, reserved 1114112K
  class space    used 7878K, committed 8064K, reserved 1048576K
}
Event: 229716.011 GC heap after
{Heap after GC invocations=22699 (full 22653):
 garbage-first heap   total 122880K, used 36444K [0x00000000c0000000, 0x0000000100000000)
  region size 1024K, 0 young (0K), 0 survivors (0K)
 Metaspace       used 62534K, committed 63040K, reserved 1114112K
  class space    used 7878K, committed 8064K, reserved 1048576K
}
Event: 229726.081 GC heap before
{Heap before GC invocations=22699 (full 22653):
 garbage-first heap   total 122880K, used 36444K [0x00000000c0000000, 0x0000000100000000)
  region size 1024K, 1 young (1024K), 0 survivors (0K)
 Metaspace       used 62534K, committed 63040K, reserved 1114112K
  class space    used 7878K, committed 8064K, reserved 1048576K
}
Event: 229726.104 GC heap after
{Heap after GC invocations=22700 (full 22654):
 garbage-first heap   total 122880K, used 36444K [0x00000000c0000000, 0x0000000100000000)
  region size 1024K, 0 young (0K), 0 survivors (0K)
 Metaspace       used 62534K, committed 63040K, reserved 1114112K
  class space    used 7878K, committed 8064K, reserved 1048576K
}
Event: 229736.166 GC heap before
{Heap before GC invocations=22700 (full 22654):
 garbage-first heap   total 122880K, used 36444K [0x00000000c0000000, 0x0000000100000000)
  region size 1024K, 1 young (1024K), 0 survivors (0K)
 Metaspace       used 62534K, committed 63040K, reserved 1114112K
  class space    used 7878K, committed 8064K, reserved 1048576K
}
Event: 229736.187 GC heap after
{Heap after GC invocations=22701 (full 22655):
 garbage-first heap   total 122880K, used 36444K [0x00000000c0000000, 0x0000000100000000)
  region size 1024K, 0 young (0K), 0 survivors (0K)
 Metaspace       used 62534K, committed 63040K, reserved 1114112K
  class space    used 7878K, committed 8064K, reserved 1048576K
}

